2022/12/24 18:36:39 [emerg] 6156#5028: CreateFile() "C:\Users\josue\Documents\Josinei\Desarrollo-Web\backend\nginx/conf/nginx.conf" failed (3: El sistema no puede encontrar la ruta especificada)
2022/12/24 18:38:37 [emerg] 1744#8228: CreateFile() "C:\Users\josue\Documents\Josinei\Desarrollo-Web\backend\nginx/conf/nginx.conf" failed (3: El sistema no puede encontrar la ruta especificada)
2022/12/24 18:38:55 [emerg] 5692#11136: CreateFile() "C:\Users\josue\Documents\Josinei\Desarrollo-Web\backend\nginx/conf/nginx.conf" failed (3: El sistema no puede encontrar la ruta especificada)
2022/12/24 18:39:08 [emerg] 11624#6576: CreateFile() "C:\Users\josue\Documents\Josinei\Desarrollo-Web\backend\nginx/conf/nginx.conf" failed (3: El sistema no puede encontrar la ruta especificada)
2022/12/24 18:39:27 [emerg] 4560#2540: CreateFile() "C:\Users\josue\Documents\Josinei\Desarrollo-Web\backend\nginx/conf/nginx.conf" failed (3: El sistema no puede encontrar la ruta especificada)
2022/12/24 18:39:49 [emerg] 1816#7192: CreateFile() "C:\Users\josue\Documents\Josinei\Desarrollo-Web\backend\nginx/conf/nginx.conf" failed (3: El sistema no puede encontrar la ruta especificada)
2022/12/24 18:39:59 [emerg] 8348#7796: CreateFile() "C:\Users\josue\Documents\Josinei\Desarrollo-Web\backend\nginx/conf/nginx.conf" failed (3: El sistema no puede encontrar la ruta especificada)
2022/12/24 18:40:00 [emerg] 9268#8196: CreateFile() "C:\Users\josue\Documents\Josinei\Desarrollo-Web\backend\nginx/conf/nginx.conf" failed (3: El sistema no puede encontrar la ruta especificada)
2022/12/24 18:46:54 [error] 10668#11604: *1 CreateFile() "C:\Users\josue\Documents\Josinei\Desarrollo-Web\backend\nginx-1.23.3/html/favicon.ico" failed (2: El sistema no puede encontrar el archivo especificado), client: 127.0.0.1, server: localhost, request: "GET /favicon.ico HTTP/1.1", host: "localhost", referrer: "http://localhost/"
2022/12/24 18:52:14 [error] 10668#11604: *3 CreateFile() "C:\Users\josue\Documents\Josinei\Desarrollo-Web\backend\nginx-1.23.3/html/api" failed (2: El sistema no puede encontrar el archivo especificado), client: 127.0.0.1, server: localhost, request: "GET /api HTTP/1.1", host: "localhost"
2022/12/24 18:57:55 [emerg] 9880#4272: unexpected "}" in C:\Users\josue\Documents\Josinei\Desarrollo-Web\backend\nginx-1.23.3/conf/nginx.conf:30
2022/12/24 18:58:07 [emerg] 10592#2272: unexpected "}" in C:\Users\josue\Documents\Josinei\Desarrollo-Web\backend\nginx-1.23.3/conf/nginx.conf:30
2022/12/24 18:58:26 [emerg] 10844#6512: unexpected "}" in C:\Users\josue\Documents\Josinei\Desarrollo-Web\backend\nginx-1.23.3/conf/nginx.conf:30
2022/12/24 18:58:26 [alert] 188#10620: worker process 10844 exited with code 1
2022/12/24 18:58:26 [alert] 188#10620: could not respawn worker
2022/12/24 18:58:42 [emerg] 3844#8100: unexpected "}" in C:\Users\josue\Documents\Josinei\Desarrollo-Web\backend\nginx-1.23.3/conf/nginx.conf:30
2022/12/24 19:00:22 [emerg] 9944#11324: unexpected "}" in C:\Users\josue\Documents\Josinei\Desarrollo-Web\backend\nginx-1.23.3/conf/nginx.conf:30
2022/12/24 19:00:57 [emerg] 12516#11816: unexpected "}" in C:\Users\josue\Documents\Josinei\Desarrollo-Web\backend\nginx-1.23.3/conf/nginx.conf:30
2022/12/24 19:01:45 [emerg] 11644#7920: unexpected "}" in C:\Users\josue\Documents\Josinei\Desarrollo-Web\backend\nginx-1.23.3/conf/nginx.conf:30
2022/12/24 19:01:58 [notice] 12620#3168: signal process started
2022/12/24 19:01:58 [error] 12620#3168: OpenEvent("Global\ngx_reload_188") failed (2: El sistema no puede encontrar el archivo especificado)
2022/12/24 19:02:04 [notice] 7084#1136: signal process started
2022/12/24 19:02:04 [error] 7084#1136: OpenEvent("Global\ngx_reload_188") failed (2: El sistema no puede encontrar el archivo especificado)
2022/12/24 19:03:02 [notice] 12992#3556: signal process started
2022/12/24 19:03:02 [error] 12992#3556: OpenEvent("Global\ngx_reload_188") failed (2: El sistema no puede encontrar el archivo especificado)
2022/12/24 19:03:14 [notice] 7436#8152: signal process started
2022/12/24 19:03:14 [error] 7436#8152: OpenEvent("Global\ngx_reload_188") failed (2: El sistema no puede encontrar el archivo especificado)
2022/12/24 19:03:44 [notice] 8200#8412: signal process started
2022/12/24 19:03:44 [error] 8200#8412: OpenEvent("Global\ngx_reload_188") failed (2: El sistema no puede encontrar el archivo especificado)
2022/12/24 19:03:45 [notice] 7052#328: signal process started
2022/12/24 19:03:45 [error] 7052#328: OpenEvent("Global\ngx_reload_188") failed (2: El sistema no puede encontrar el archivo especificado)
2022/12/24 19:03:48 [notice] 1764#2060: signal process started
2022/12/24 19:03:48 [error] 1764#2060: OpenEvent("Global\ngx_reload_188") failed (2: El sistema no puede encontrar el archivo especificado)
2022/12/24 19:03:52 [notice] 7920#10140: signal process started
2022/12/24 19:03:52 [error] 7920#10140: OpenEvent("Global\ngx_reload_188") failed (2: El sistema no puede encontrar el archivo especificado)
2022/12/24 19:03:54 [notice] 10948#2736: signal process started
2022/12/24 19:03:54 [error] 10948#2736: OpenEvent("Global\ngx_reload_188") failed (2: El sistema no puede encontrar el archivo especificado)
2022/12/24 19:03:55 [notice] 13164#12384: signal process started
2022/12/24 19:03:55 [error] 13164#12384: OpenEvent("Global\ngx_reload_188") failed (2: El sistema no puede encontrar el archivo especificado)
2022/12/24 19:03:56 [notice] 3880#1520: signal process started
2022/12/24 19:03:56 [error] 3880#1520: OpenEvent("Global\ngx_reload_188") failed (2: El sistema no puede encontrar el archivo especificado)
2022/12/24 19:04:03 [notice] 9612#5420: signal process started
2022/12/24 19:04:03 [error] 9612#5420: OpenEvent("Global\ngx_reload_188") failed (2: El sistema no puede encontrar el archivo especificado)
2022/12/24 19:04:14 [notice] 1668#8548: signal process started
2022/12/24 19:04:14 [error] 1668#8548: OpenEvent("Global\ngx_reload_188") failed (2: El sistema no puede encontrar el archivo especificado)
2022/12/24 19:05:22 [error] 13092#6224: *1 CreateFile() "C:\Users\josue\Documents\Josinei\Desarrollo-Web\backend\nginx-1.23.3/html/favicon.ico" failed (2: El sistema no puede encontrar el archivo especificado), client: 127.0.0.1, server: localhost, request: "GET /favicon.ico HTTP/1.1", host: "localhost:81", referrer: "http://localhost:81/"
2022/12/24 19:41:36 [emerg] 5204#6308: unexpected "}" in C:\Users\josue\Documents\Josinei\Desarrollo-Web\backend\nginx-1.23.3/conf/nginx.conf:12
2022/12/24 19:42:31 [emerg] 9616#12688: unexpected "}" in C:\Users\josue\Documents\Josinei\Desarrollo-Web\backend\nginx-1.23.3/conf/nginx.conf:12
2022/12/24 19:42:41 [emerg] 7520#5372: unexpected "}" in C:\Users\josue\Documents\Josinei\Desarrollo-Web\backend\nginx-1.23.3/conf/nginx.conf:12
2022/12/24 19:43:25 [emerg] 11236#13020: unexpected "}" in C:\Users\josue\Documents\Josinei\Desarrollo-Web\backend\nginx-1.23.3/conf/nginx.conf:12
2022/12/24 19:43:42 [emerg] 10204#9660: unexpected "}" in C:\Users\josue\Documents\Josinei\Desarrollo-Web\backend\nginx-1.23.3/conf/nginx.conf:12
2022/12/24 19:44:04 [emerg] 9028#8928: unexpected "}" in C:\Users\josue\Documents\Josinei\Desarrollo-Web\backend\nginx-1.23.3/conf/nginx.conf:12
2022/12/24 19:44:09 [emerg] 11376#11692: unexpected "}" in C:\Users\josue\Documents\Josinei\Desarrollo-Web\backend\nginx-1.23.3/conf/nginx.conf:12
2022/12/24 19:46:48 [error] 10996#8300: *2 CreateFile() "C:\Users\josue\Documents\Josinei\Desarrollo-Web\backend\nginx-1.23.3/html/api/random" failed (3: El sistema no puede encontrar la ruta especificada), client: 127.0.0.1, server: localhost, request: "GET /api/random?cant=20 HTTP/1.1", host: "localhost"
2022/12/24 20:06:14 [error] 6040#6228: *6 upstream timed out (10060: Se produjo un error durante el intento de conexión ya que la parte conectada no respondió adecuadamente tras un periodo de tiempo, o bien se produjo un error en la conexión establecida ya que el host conectado no ha podido responder) while reading response header from upstream, client: 127.0.0.1, server: localhost, request: "GET /api/randoms?cant=10000000000 HTTP/1.1", upstream: "http://127.0.0.1:8081/api/randoms?cant=10000000000", host: "localhost"
2022/12/24 20:08:24 [error] 6040#6228: *6 upstream timed out (10060: Se produjo un error durante el intento de conexión ya que la parte conectada no respondió adecuadamente tras un periodo de tiempo, o bien se produjo un error en la conexión establecida ya que el host conectado no ha podido responder) while reading response header from upstream, client: 127.0.0.1, server: localhost, request: "GET /api/randoms?cant=100000 HTTP/1.1", upstream: "http://127.0.0.1:8081/api/randoms?cant=100000", host: "localhost"
