[2023-01-12T22:25:36.409] [ERROR] default - Unexpected token } in JSON at position 15
[2023-01-12T22:29:40.536] [ERROR] default - Unexpected token } in JSON at position 16
[2023-01-12T22:31:22.454] [ERROR] default - Unexpected token } in JSON at position 16
[2023-01-14T18:26:42.896] [ERROR] default - Invalid array length
[2023-01-14T18:30:34.030] [ERROR] default - Invalid array length
[2023-01-14T18:36:11.323] [ERROR] default - Invalid array length
[2023-01-23T18:30:59.475] [ERROR] default - Unexpected token } in JSON at position 146
[2023-01-23T18:33:51.187] [ERROR] default - users validation failed: age: Path `age` is required.
[2023-01-23T18:44:53.977] [ERROR] default - Unexpected token } in JSON at position 119
[2023-01-23T18:56:31.282] [ERROR] default - Unexpected token } in JSON at position 67
[2023-01-23T19:09:06.977] [ERROR] default - Unexpected token } in JSON at position 151
[2023-01-25T21:15:49.338] [ERROR] default - users validation failed: age: Path `age` is required.
[2023-01-25T21:24:43.640] [ERROR] default - users validation failed: age: Path `age` is required.
[2023-01-25T21:24:48.160] [ERROR] default - users validation failed: age: Path `age` is required.
[2023-01-25T21:24:49.809] [ERROR] default - users validation failed: age: Path `age` is required.
[2023-01-25T21:24:53.047] [ERROR] default - users validation failed: phone: Path `phone` is required., age: Path `age` is required.
[2023-01-25T21:30:47.786] [ERROR] default - users validation failed: age: Path `age` is required.
[2023-01-26T13:38:45.663] [ERROR] default - users validation failed: age: Path `age` is required.
[2023-01-26T13:43:28.239] [ERROR] default - Internal server error
[2023-01-26T14:06:51.414] [ERROR] default - El usuario no existe
[2023-01-26T14:08:06.065] [ERROR] default - El usuario no existe
[2023-01-26T14:08:24.749] [ERROR] default - El usuario no existe
[2023-01-26T14:08:29.784] [ERROR] default - El usuario no existe
[2023-01-26T14:10:15.896] [ERROR] default - El usuario no existe
[2023-01-26T14:10:20.665] [ERROR] default - El usuario no existe
[2023-01-26T14:10:33.857] [ERROR] default - El usuario no existe
[2023-01-26T14:10:51.957] [ERROR] default - El usuario no existe,Contraseña incorrecta,Contraseña incorrecta,Contraseña incorrecta
[2023-01-26T14:11:31.709] [ERROR] default - El usuario no existe,Contraseña incorrecta,Contraseña incorrecta,Contraseña incorrecta,Contraseña incorrecta
[2023-01-26T14:12:14.671] [ERROR] default - Contraseña incorrecta
[2023-01-26T14:12:44.562] [ERROR] default - Contraseña incorrecta
[2023-01-26T14:13:06.193] [ERROR] default - Contraseña incorrecta
[2023-01-26T14:13:17.491] [ERROR] default - El usuario no existe
[2023-01-26T14:13:36.914] [ERROR] default - El usuario ya existe
[2023-01-26T14:49:31.514] [ERROR] default - res.statusCode is not a function
[2023-01-26T14:50:31.461] [ERROR] default - El usuario no existe
[2023-01-26T14:59:13.900] [ERROR] default - El usuario no existe
[2023-01-26T14:59:28.531] [ERROR] default - El usuario no existe
[2023-01-26T14:59:30.375] [ERROR] default - Internal server error
[2023-01-26T14:59:34.274] [ERROR] default - El usuario no existe
[2023-01-26T21:09:15.065] [ERROR] default - El usuario ya existe
[2023-01-26T21:45:57.519] [ERROR] default - Cannot read properties of undefined (reading 'logIn')
[2023-01-26T21:47:28.827] [ERROR] default - El usuario no existe
[2023-01-26T22:00:23.885] [ERROR] default - El usuario ya existe
[2023-01-26T22:00:28.312] [ERROR] default - El usuario ya existe
[2023-01-26T22:00:29.788] [ERROR] default - Internal server error
[2023-01-26T22:00:30.943] [ERROR] default - El usuario ya existe
[2023-01-27T13:35:20.944] [ERROR] default - success is not a function
[2023-01-27T13:36:15.015] [ERROR] default - success is not a function
[2023-01-27T13:36:23.246] [ERROR] default - success is not a function
[2023-01-27T13:36:25.987] [ERROR] default - success is not a function
[2023-01-27T14:01:56.458] [ERROR] default - Internal Server Error
[2023-01-27T14:02:02.036] [ERROR] default - Internal Server Error
[2023-01-27T14:02:05.814] [ERROR] default - Unexpected token g in JSON at position 325
[2023-01-27T14:18:07.608] [ERROR] default - Internal Server Error
[2023-01-27T14:18:09.540] [ERROR] default - Internal Server Error
[2023-01-27T14:18:10.711] [ERROR] default - Internal Server Error
[2023-01-27T14:18:12.538] [ERROR] default - Internal Server Error
[2023-01-27T14:18:38.412] [ERROR] default - Internal Server Error
[2023-01-27T14:19:02.835] [ERROR] default - Internal Server Error
[2023-01-27T14:19:16.643] [ERROR] default - Internal Server Error
[2023-01-27T14:19:18.435] [ERROR] default - product not found
[2023-01-27T14:19:23.341] [ERROR] default - Internal Server Error
[2023-01-27T14:20:20.124] [ERROR] default - Internal Server Error
[2023-01-27T14:20:21.576] [ERROR] default - Internal Server Error
[2023-01-27T14:20:37.826] [ERROR] default - Internal Server Error
[2023-01-27T14:21:21.741] [ERROR] default - product not found
[2023-01-27T14:22:20.774] [ERROR] default - product not found
[2023-01-27T14:22:27.212] [ERROR] default - product not found
[2023-01-27T14:26:07.177] [ERROR] default - product not found
[2023-01-27T14:26:40.633] [ERROR] default - product not found
[2023-01-27T14:27:24.484] [ERROR] default - product not found
[2023-01-27T14:27:25.761] [ERROR] default - product not found
[2023-01-27T14:28:15.555] [ERROR] default - product not found
[2023-01-27T14:28:16.594] [ERROR] default - product not found
[2023-01-27T14:28:17.688] [ERROR] default - product not found
[2023-01-27T14:28:19.062] [ERROR] default - product not found
[2023-01-27T14:28:37.349] [ERROR] default - product not found
[2023-01-27T14:28:38.596] [ERROR] default - product not found
[2023-01-27T14:30:53.501] [ERROR] default - product not found
[2023-01-27T14:31:14.974] [ERROR] default - product not found
[2023-01-27T14:37:07.468] [ERROR] default - product not found
[2023-01-27T14:37:55.410] [ERROR] default - Internal Server Error
[2023-01-27T14:39:09.742] [ERROR] default - product not found
[2023-01-27T14:39:28.236] [ERROR] default - product not found
[2023-01-27T14:39:34.958] [ERROR] default - product not found
[2023-01-27T14:40:28.999] [ERROR] default - cart not found
[2023-01-27T14:40:38.486] [ERROR] default - cart not found
[2023-01-27T14:40:39.450] [ERROR] default - cart not found
[2023-01-27T14:41:36.428] [ERROR] default - cart not found
[2023-01-27T14:45:06.810] [ERROR] default - product not found
[2023-01-27T14:45:46.411] [ERROR] default - cart not found
[2023-01-27T14:46:04.854] [ERROR] default - cart not found
[2023-01-27T14:46:18.074] [ERROR] default - cart not found
[2023-01-27T14:48:11.651] [ERROR] default - product not found
[2023-01-27T14:48:18.019] [ERROR] default - product not found
[2023-01-27T14:48:19.800] [ERROR] default - product not found
[2023-01-27T14:49:01.320] [ERROR] default - product not found
[2023-01-27T15:14:41.377] [ERROR] default - Unexpected token , in JSON at position 325
[2023-01-27T15:14:43.363] [ERROR] default - Unexpected token , in JSON at position 325
[2023-01-27T15:30:28.267] [ERROR] default - product not found
[2023-01-27T15:34:39.137] [ERROR] default - product not found
[2023-01-27T15:34:58.409] [ERROR] default - product not found
[2023-01-27T15:35:30.073] [ERROR] default - product not found
[2023-01-27T15:36:48.921] [ERROR] default - cart not found
[2023-01-27T15:37:15.904] [ERROR] default - product not found
[2023-01-27T15:41:05.374] [ERROR] default - Producto sin stock
[2023-01-27T15:41:37.621] [ERROR] default - Unexpected end of JSON input
[2023-01-27T15:41:52.566] [ERROR] default - product not found
[2023-01-27T15:42:26.621] [ERROR] default - Cannot read properties of undefined (reading 'products')
[2023-01-27T15:42:43.756] [ERROR] default - Cannot read properties of undefined (reading 'products')
[2023-01-27T15:43:13.003] [ERROR] default - product not found
[2023-01-27T15:43:23.396] [ERROR] default - product not found
[2023-01-27T15:43:54.990] [ERROR] default - cart not found
[2023-01-28T09:56:07.010] [ERROR] default - El usuario no existe
[2023-01-28T10:02:03.377] [ERROR] default - El usuario ya existe
[2023-01-28T10:02:08.415] [ERROR] default - El usuario ya existe
[2023-01-28T10:18:15.679] [ERROR] default - No autorizado
[2023-01-28T10:18:24.310] [ERROR] default - No autorizado
[2023-01-28T10:32:50.016] [ERROR] default - El usuario no existe
[2023-01-28T10:32:59.256] [ERROR] default - Cannot read properties of undefined (reading 'stock')
[2023-01-28T10:33:20.510] [ERROR] default - Internal Server Error
[2023-01-28T10:44:06.401] [ERROR] default - Cannot read properties of undefined (reading 'name')
[2023-01-28T10:44:28.514] [ERROR] default - Cannot read properties of undefined (reading 'name')
[2023-01-28T10:45:48.005] [ERROR] default - Cannot read properties of undefined (reading 'name')
[2023-01-28T10:45:51.911] [ERROR] default - Cannot read properties of undefined (reading 'name')
[2023-01-28T10:47:11.651] [ERROR] default - Cannot read properties of undefined (reading 'name')
[2023-01-28T10:47:13.877] [ERROR] default - Cannot read properties of undefined (reading 'name')
[2023-01-28T10:47:23.702] [ERROR] default - Cannot read properties of undefined (reading 'name')
[2023-01-28T10:47:25.324] [ERROR] default - Cannot read properties of undefined (reading 'name')
[2023-01-28T10:48:55.155] [ERROR] default - Unexpected token u in JSON at position 0
[2023-01-28T10:48:58.033] [ERROR] default - Unexpected token u in JSON at position 0
[2023-01-28T10:51:33.936] [ERROR] default - Cannot read properties of undefined (reading '0')
[2023-01-28T10:51:35.980] [ERROR] default - Cannot read properties of undefined (reading '0')
[2023-01-28T11:31:31.863] [ERROR] default - style.container.String is not a function
[2023-01-28T14:21:00.388] [ERROR] default - The number  is unverified. Trial accounts cannot send messages to unverified numbers; verify  at twilio.com/user/account/phone-numbers/verified, or purchase a Twilio number to send messages to unverified numbers.
[2023-01-28T14:22:04.055] [ERROR] default - The number  is unverified. Trial accounts cannot send messages to unverified numbers; verify  at twilio.com/user/account/phone-numbers/verified, or purchase a Twilio number to send messages to unverified numbers.
[2023-01-28T14:57:23.021] [ERROR] default - Invalid From and To pair. From and To should be of the same channel
[2023-01-28T14:59:48.701] [ERROR] default - Invalid From and To pair. From and To should be of the same channel
[2023-01-28T15:04:38.937] [ERROR] default - Authenticate
[2023-01-28T15:04:46.368] [ERROR] default - Authenticate
[2023-01-28T15:05:57.015] [ERROR] default - Authenticate
[2023-01-28T15:06:53.414] [ERROR] default - Authenticate
[2023-01-28T15:07:24.378] [ERROR] default - Authenticate
[2023-01-28T15:07:40.901] [ERROR] default - Authenticate
[2023-01-28T15:09:23.821] [ERROR] default - Authenticate
[2023-01-28T15:13:28.831] [ERROR] default - Authenticate
[2023-01-28T15:14:45.795] [ERROR] default - Authenticate
[2023-01-28T15:24:28.804] [ERROR] default - Authenticate
[2023-01-28T15:29:02.663] [ERROR] default - Authenticate
[2023-01-28T15:29:26.937] [ERROR] default - Authenticate
[2023-01-28T15:30:24.710] [ERROR] default - Authenticate
[2023-01-28T15:50:56.162] [ERROR] default - product not found
[2023-01-28T16:07:12.357] [ERROR] default - El usuario no existe
[2023-01-28T16:27:30.003] [ERROR] default - El usuario ya existe
[2023-01-28T16:29:09.601] [ERROR] default - Unexpected string in JSON at position 169
[2023-01-28T16:29:11.533] [ERROR] default - Unexpected string in JSON at position 169
[2023-01-28T16:29:15.544] [ERROR] default - El usuario ya existe
[2023-01-28T16:32:16.110] [ERROR] default - El usuario ya existe
[2023-01-28T16:33:07.683] [ERROR] default - Contraseña incorrecta
[2023-01-28T16:37:47.583] [ERROR] default - Authenticate
[2023-01-28T16:59:27.015] [ERROR] default - Authenticate
[2023-01-28T17:08:12.544] [ERROR] default - The number  is unverified. Trial accounts cannot send messages to unverified numbers; verify  at twilio.com/user/account/phone-numbers/verified, or purchase a Twilio number to send messages to unverified numbers.
