[2023-02-18T14:57:42.144] [ERROR] default - product not found
[2023-02-23T23:23:12.825] [WARN] default - /favicon.ico not found
[2023-02-23T23:23:15.878] [WARN] default - /favicon.ico not found
[2023-02-23T23:23:18.042] [WARN] default - /favicon.ico not found
[2023-02-23T23:23:50.667] [WARN] default - /favicon.ico not found
[2023-02-23T23:23:50.915] [WARN] default - /favicon.ico not found
[2023-02-23T23:23:51.384] [WARN] default - /favicon.ico not found
[2023-02-23T23:23:51.517] [WARN] default - /favicon.ico not found
[2023-02-23T23:23:51.675] [WARN] default - /favicon.ico not found
[2023-02-23T23:23:51.906] [WARN] default - /favicon.ico not found
[2023-02-23T23:23:52.339] [WARN] default - /favicon.ico not found
[2023-02-23T23:23:55.495] [WARN] default - /favicon.ico not found
[2023-02-23T23:23:55.775] [WARN] default - /favicon.ico not found
[2023-02-23T23:23:57.464] [WARN] default - /favicon.ico not found
[2023-02-23T23:23:57.590] [WARN] default - /favicon.ico not found
[2023-02-23T23:23:57.868] [WARN] default - /favicon.ico not found
[2023-02-23T23:23:58.363] [WARN] default - /favicon.ico not found
[2023-02-23T23:24:01.650] [WARN] default - /favicon.ico not found
[2023-02-23T23:24:01.830] [WARN] default - /favicon.ico not found
[2023-02-23T23:24:04.697] [WARN] default - /favicon.ico not found
[2023-02-23T23:24:08.242] [WARN] default - /favicon.ico not found
[2023-02-23T23:24:08.368] [WARN] default - /favicon.ico not found
[2023-02-23T23:24:09.738] [WARN] default - /favicon.ico not found
[2023-02-23T23:24:11.913] [WARN] default - /favicon.ico not found
[2023-02-23T23:24:12.051] [WARN] default - /favicon.ico not found
[2023-02-23T23:24:13.783] [WARN] default - /favicon.ico not found
[2023-02-23T23:24:15.137] [WARN] default - /favicon.ico not found
[2023-02-23T23:24:16.491] [WARN] default - /favicon.ico not found
[2023-02-23T23:24:17.624] [WARN] default - /favicon.ico not found
[2023-02-23T23:24:20.489] [WARN] default - /favicon.ico not found
[2023-02-23T23:24:20.691] [WARN] default - /favicon.ico not found
[2023-02-23T23:24:23.065] [WARN] default - /favicon.ico not found
[2023-02-23T23:24:23.451] [WARN] default - /favicon.ico not found
[2023-02-23T23:24:23.669] [WARN] default - /favicon.ico not found
[2023-02-23T23:24:23.840] [WARN] default - /favicon.ico not found
[2023-02-23T23:24:24.058] [WARN] default - /favicon.ico not found
[2023-02-23T23:24:24.444] [WARN] default - /favicon.ico not found
[2023-02-23T23:24:24.654] [WARN] default - /favicon.ico not found
[2023-02-23T23:24:24.891] [WARN] default - /favicon.ico not found
[2023-02-23T23:24:25.155] [WARN] default - /favicon.ico not found
[2023-02-23T23:24:25.304] [WARN] default - /favicon.ico not found
[2023-02-23T23:24:25.511] [WARN] default - /favicon.ico not found
[2023-02-23T23:24:26.652] [WARN] default - /favicon.ico not found
[2023-02-23T23:24:27.549] [WARN] default - /favicon.ico not found
[2023-02-23T23:24:27.670] [WARN] default - /favicon.ico not found
[2023-02-23T23:24:27.881] [WARN] default - /favicon.ico not found
[2023-02-23T23:24:29.472] [WARN] default - /favicon.ico not found
[2023-02-23T23:24:29.953] [WARN] default - /favicon.ico not found
[2023-02-23T23:24:30.187] [WARN] default - /favicon.ico not found
[2023-02-23T23:24:30.555] [WARN] default - /favicon.ico not found
[2023-02-23T23:24:49.218] [WARN] default - /favicon.ico not found
[2023-02-23T23:26:33.730] [WARN] default - /favicon.ico not found
[2023-02-23T23:26:33.840] [WARN] default - /favicon.ico not found
[2023-02-23T23:26:35.910] [WARN] default - /favicon.ico not found
[2023-02-23T23:26:38.548] [WARN] default - /favicon.ico not found
[2023-02-23T23:26:49.487] [WARN] default - /favicon.ico not found
[2023-02-23T23:26:49.701] [WARN] default - /favicon.ico not found
[2023-02-23T23:26:52.082] [WARN] default - /favicon.ico not found
[2023-02-23T23:28:08.243] [WARN] default - /favicon.ico not found
[2023-02-23T23:28:08.437] [WARN] default - /favicon.ico not found
[2023-02-23T23:28:08.589] [WARN] default - /favicon.ico not found
[2023-02-23T23:28:08.711] [WARN] default - /favicon.ico not found
[2023-02-23T23:28:09.005] [WARN] default - /favicon.ico not found
[2023-02-23T23:28:10.023] [WARN] default - /favicon.ico not found
[2023-02-23T23:28:10.168] [WARN] default - /favicon.ico not found
[2023-02-23T23:28:12.070] [WARN] default - /favicon.ico not found
[2023-02-23T23:28:13.035] [WARN] default - /favicon.ico not found
[2023-02-23T23:28:13.169] [WARN] default - /favicon.ico not found
[2023-02-23T23:28:23.239] [WARN] default - /favicon.ico not found
[2023-02-23T23:28:34.446] [WARN] default - /favicon.ico not found
[2023-02-23T23:28:34.627] [WARN] default - /favicon.ico not found
[2023-02-23T23:28:35.000] [WARN] default - /favicon.ico not found
[2023-02-23T23:28:35.656] [WARN] default - /favicon.ico not found
[2023-02-23T23:28:36.137] [WARN] default - /favicon.ico not found
[2023-02-23T23:28:41.151] [WARN] default - /favicon.ico not found
[2023-02-23T23:28:41.493] [WARN] default - /favicon.ico not found
[2023-02-23T23:28:41.695] [WARN] default - /favicon.ico not found
[2023-02-23T23:28:42.053] [WARN] default - /favicon.ico not found
[2023-02-23T23:28:43.583] [WARN] default - /favicon.ico not found
[2023-02-23T23:28:44.221] [WARN] default - /favicon.ico not found
[2023-02-23T23:28:45.290] [WARN] default - /favicon.ico not found
[2023-02-23T23:28:45.634] [WARN] default - /favicon.ico not found
[2023-02-23T23:28:47.246] [WARN] default - /favicon.ico not found
[2023-02-23T23:28:48.662] [WARN] default - /favicon.ico not found
[2023-02-23T23:28:48.821] [WARN] default - /favicon.ico not found
[2023-02-23T23:28:49.107] [WARN] default - /favicon.ico not found
[2023-02-23T23:28:49.676] [WARN] default - /favicon.ico not found
[2023-02-23T23:28:50.217] [WARN] default - /favicon.ico not found
[2023-02-23T23:28:50.660] [WARN] default - /favicon.ico not found
[2023-02-23T23:28:50.973] [WARN] default - /favicon.ico not found
[2023-02-23T23:28:51.255] [WARN] default - /favicon.ico not found
[2023-02-23T23:28:51.419] [WARN] default - /favicon.ico not found
[2023-02-23T23:28:51.574] [WARN] default - /favicon.ico not found
[2023-02-23T23:28:51.802] [WARN] default - /favicon.ico not found
[2023-02-23T23:28:52.087] [WARN] default - /favicon.ico not found
[2023-02-23T23:28:52.227] [WARN] default - /favicon.ico not found
[2023-02-23T23:28:52.490] [WARN] default - /favicon.ico not found
[2023-02-23T23:28:53.261] [WARN] default - /favicon.ico not found
[2023-02-23T23:28:53.631] [WARN] default - /favicon.ico not found
[2023-02-23T23:28:55.279] [WARN] default - /favicon.ico not found
[2023-02-23T23:28:56.071] [WARN] default - /favicon.ico not found
[2023-02-23T23:28:56.492] [WARN] default - /favicon.ico not found
[2023-02-23T23:28:57.408] [WARN] default - /favicon.ico not found
[2023-02-23T23:28:58.365] [WARN] default - /favicon.ico not found
[2023-02-23T23:28:58.736] [WARN] default - /favicon.ico not found
[2023-02-23T23:28:58.928] [WARN] default - /favicon.ico not found
[2023-02-23T23:28:59.050] [WARN] default - /favicon.ico not found
[2023-02-23T23:28:59.237] [WARN] default - /favicon.ico not found
[2023-02-23T23:28:59.562] [WARN] default - /favicon.ico not found
[2023-02-23T23:28:59.858] [WARN] default - /favicon.ico not found
[2023-02-23T23:29:00.090] [WARN] default - /favicon.ico not found
[2023-02-23T23:29:00.305] [WARN] default - /favicon.ico not found
[2023-02-23T23:29:00.445] [WARN] default - /favicon.ico not found
[2023-02-23T23:29:00.732] [WARN] default - /favicon.ico not found
[2023-02-23T23:29:01.458] [WARN] default - /favicon.ico not found
[2023-02-23T23:29:03.091] [WARN] default - /favicon.ico not found
[2023-02-23T23:29:03.446] [WARN] default - /favicon.ico not found
[2023-02-23T23:29:05.079] [WARN] default - /favicon.ico not found
[2023-02-23T23:29:05.284] [WARN] default - /favicon.ico not found
[2023-02-23T23:29:05.518] [WARN] default - /favicon.ico not found
[2023-02-23T23:29:07.714] [WARN] default - /favicon.ico not found
[2023-02-23T23:29:07.899] [WARN] default - /favicon.ico not found
[2023-02-23T23:29:09.423] [WARN] default - /favicon.ico not found
[2023-02-23T23:29:16.254] [WARN] default - /favicon.ico not found
[2023-02-23T23:29:17.853] [WARN] default - /favicon.ico not found
[2023-02-23T23:29:19.445] [WARN] default - /favicon.ico not found
[2023-02-23T23:29:21.381] [WARN] default - /favicon.ico not found
[2023-02-23T23:29:22.643] [WARN] default - /favicon.ico not found
[2023-02-23T23:29:23.111] [WARN] default - /favicon.ico not found
[2023-02-23T23:29:24.385] [WARN] default - /favicon.ico not found
[2023-02-23T23:29:25.527] [WARN] default - /favicon.ico not found
[2023-02-23T23:29:26.503] [WARN] default - /favicon.ico not found
[2023-02-23T23:29:27.639] [WARN] default - /favicon.ico not found
[2023-02-23T23:29:27.978] [WARN] default - /favicon.ico not found
[2023-02-23T23:29:29.404] [WARN] default - /favicon.ico not found
[2023-02-23T23:29:29.799] [WARN] default - /favicon.ico not found
[2023-02-23T23:29:30.121] [WARN] default - /favicon.ico not found
[2023-02-23T23:29:30.416] [WARN] default - /favicon.ico not found
[2023-02-23T23:29:43.334] [WARN] default - /favicon.ico not found
[2023-02-23T23:29:44.248] [WARN] default - /favicon.ico not found
[2023-02-23T23:29:45.157] [WARN] default - /favicon.ico not found
[2023-02-23T23:29:45.895] [WARN] default - /favicon.ico not found
[2023-02-23T23:29:46.376] [WARN] default - /favicon.ico not found
[2023-02-23T23:29:47.710] [WARN] default - /favicon.ico not found
[2023-02-23T23:29:47.957] [WARN] default - /favicon.ico not found
[2023-02-23T23:29:50.999] [WARN] default - /favicon.ico not found
[2023-02-23T23:29:51.948] [WARN] default - /favicon.ico not found
[2023-02-23T23:29:53.289] [WARN] default - /favicon.ico not found
[2023-02-23T23:29:53.617] [WARN] default - /favicon.ico not found
[2023-02-23T23:29:53.989] [WARN] default - /favicon.ico not found
[2023-02-23T23:29:55.688] [WARN] default - /favicon.ico not found
[2023-02-23T23:29:55.928] [WARN] default - /favicon.ico not found
[2023-02-23T23:29:56.130] [WARN] default - /favicon.ico not found
[2023-02-23T23:29:57.312] [WARN] default - /favicon.ico not found
[2023-02-23T23:30:07.777] [WARN] default - /favicon.ico not found
[2023-02-23T23:30:08.550] [WARN] default - /favicon.ico not found
[2023-02-23T23:30:08.986] [WARN] default - /favicon.ico not found
[2023-02-23T23:30:09.280] [WARN] default - /favicon.ico not found
[2023-02-23T23:30:09.667] [WARN] default - /favicon.ico not found
[2023-02-23T23:30:14.736] [WARN] default - /favicon.ico not found
[2023-02-23T23:30:15.197] [WARN] default - /favicon.ico not found
[2023-02-23T23:30:16.092] [WARN] default - /favicon.ico not found
[2023-02-23T23:30:27.470] [WARN] default - /favicon.ico not found
[2023-02-23T23:30:28.627] [WARN] default - /favicon.ico not found
[2023-02-23T23:30:29.324] [WARN] default - /favicon.ico not found
[2023-02-23T23:30:30.361] [WARN] default - /favicon.ico not found
[2023-02-23T23:30:30.658] [WARN] default - /favicon.ico not found
[2023-02-23T23:30:31.377] [WARN] default - /favicon.ico not found
[2023-02-23T23:30:32.427] [WARN] default - /favicon.ico not found
[2023-02-23T23:30:33.126] [WARN] default - /favicon.ico not found
[2023-02-23T23:30:33.515] [WARN] default - /favicon.ico not found
[2023-02-23T23:30:34.275] [WARN] default - /favicon.ico not found
[2023-02-23T23:31:07.193] [WARN] default - /favicon.ico not found
[2023-02-23T23:31:08.348] [WARN] default - /favicon.ico not found
[2023-02-23T23:31:09.936] [WARN] default - /favicon.ico not found
[2023-02-23T23:31:10.529] [WARN] default - /favicon.ico not found
[2023-02-23T23:31:11.326] [WARN] default - /favicon.ico not found
[2023-02-23T23:39:34.846] [WARN] default - /favicon.ico not found
[2023-02-23T23:39:34.855] [WARN] default - /favicon.ico not found
[2023-02-23T23:39:37.967] [WARN] default - /favicon.ico not found
[2023-02-23T23:39:38.822] [WARN] default - /favicon.ico not found
[2023-02-23T23:39:39.029] [WARN] default - /favicon.ico not found
[2023-02-23T23:39:39.576] [WARN] default - /favicon.ico not found
[2023-02-23T23:39:39.925] [WARN] default - /favicon.ico not found
[2023-02-23T23:39:40.243] [WARN] default - /favicon.ico not found
[2023-02-23T23:39:46.993] [WARN] default - /favicon.ico not found
[2023-02-23T23:39:51.378] [WARN] default - /favicon.ico not found
[2023-02-23T23:39:51.577] [WARN] default - /favicon.ico not found
[2023-02-23T23:40:51.682] [WARN] default - /favicon.ico not found
[2023-02-23T23:40:53.415] [WARN] default - /favicon.ico not found
[2023-02-24T17:16:51.812] [WARN] default -  not found
[2023-02-24T17:16:52.182] [WARN] default - /favicon.ico not found
[2023-02-24T17:16:58.125] [WARN] default - /favicon.ico not found
[2023-02-24T17:17:12.372] [WARN] default - /favicon.ico not found
[2023-02-24T17:17:17.489] [WARN] default - /favicon.ico not found
[2023-02-24T17:17:19.864] [WARN] default - /favicon.ico not found
[2023-02-24T17:17:20.320] [WARN] default - /favicon.ico not found
[2023-02-24T17:17:21.106] [WARN] default - /favicon.ico not found
[2023-02-24T17:17:22.517] [WARN] default - /favicon.ico not found
[2023-02-24T17:17:24.673] [WARN] default - /favicon.ico not found
[2023-02-24T17:17:27.092] [WARN] default - /favicon.ico not found
[2023-02-24T17:17:27.247] [WARN] default - /favicon.ico not found
[2023-02-24T17:17:27.755] [WARN] default - /favicon.ico not found
[2023-02-24T17:17:28.327] [WARN] default - /favicon.ico not found
[2023-02-24T17:17:28.754] [WARN] default - /favicon.ico not found
[2023-02-24T17:17:29.323] [WARN] default - /favicon.ico not found
[2023-02-24T17:17:29.865] [WARN] default - /favicon.ico not found
[2023-02-24T17:17:30.539] [WARN] default - /favicon.ico not found
[2023-02-24T17:17:30.870] [WARN] default - /favicon.ico not found
[2023-02-24T17:17:31.016] [WARN] default - /favicon.ico not found
[2023-02-24T17:17:33.071] [WARN] default - /favicon.ico not found
[2023-02-24T17:17:33.436] [WARN] default - /favicon.ico not found
[2023-02-24T17:17:33.603] [WARN] default - /favicon.ico not found
[2023-02-24T17:17:36.271] [WARN] default - /favicon.ico not found
[2023-02-24T17:17:36.597] [WARN] default - /favicon.ico not found
[2023-02-24T17:17:36.725] [WARN] default - /favicon.ico not found
[2023-02-24T17:17:38.196] [WARN] default - /favicon.ico not found
[2023-02-24T17:17:38.446] [WARN] default - /favicon.ico not found
[2023-02-24T17:17:38.605] [WARN] default - /favicon.ico not found
[2023-02-24T17:17:41.907] [WARN] default - /favicon.ico not found
[2023-02-24T17:17:42.612] [WARN] default - /favicon.ico not found
[2023-02-24T17:17:42.800] [WARN] default - /favicon.ico not found
[2023-02-24T17:17:44.424] [WARN] default - /favicon.ico not found
[2023-02-24T17:19:00.002] [WARN] default - /favicon.ico not found
[2023-02-24T17:19:01.734] [WARN] default - /favicon.ico not found
[2023-02-24T17:19:22.302] [WARN] default - /favicon.ico not found
[2023-02-24T17:19:24.592] [WARN] default - /favicon.ico not found
[2023-02-24T17:19:25.909] [WARN] default - /favicon.ico not found
[2023-02-24T17:19:27.334] [WARN] default - /favicon.ico not found
[2023-02-24T17:19:28.812] [WARN] default - /favicon.ico not found
[2023-02-24T17:19:56.607] [WARN] default - /favicon.ico not found
[2023-02-24T17:46:23.476] [WARN] default - /favicon.ico not found
[2023-02-24T17:46:25.981] [WARN] default - /favicon.ico not found
[2023-02-24T17:46:27.368] [WARN] default - /favicon.ico not found
[2023-02-24T17:46:27.593] [WARN] default - /favicon.ico not found
[2023-02-24T17:46:27.856] [WARN] default - /favicon.ico not found
[2023-02-24T17:46:36.386] [WARN] default - /favicon.ico not found
[2023-02-24T17:46:40.578] [WARN] default - /favicon.ico not found
[2023-02-24T17:46:40.769] [WARN] default - /favicon.ico not found
[2023-02-24T17:46:40.891] [WARN] default - /favicon.ico not found
[2023-02-24T17:46:41.138] [WARN] default - /favicon.ico not found
[2023-02-24T17:46:42.267] [WARN] default - /favicon.ico not found
[2023-02-24T17:46:42.794] [WARN] default - /favicon.ico not found
[2023-02-24T17:46:42.933] [WARN] default - /favicon.ico not found
[2023-02-24T17:46:51.564] [WARN] default - /favicon.ico not found
[2023-02-24T17:46:52.716] [WARN] default - /favicon.ico not found
[2023-02-24T17:46:54.583] [WARN] default - /favicon.ico not found
[2023-02-24T17:46:54.804] [WARN] default - /favicon.ico not found
[2023-02-24T17:46:55.397] [WARN] default - /favicon.ico not found
[2023-02-24T17:46:55.574] [WARN] default - /favicon.ico not found
[2023-02-24T17:46:55.730] [WARN] default - /favicon.ico not found
[2023-02-24T17:46:57.474] [WARN] default - /favicon.ico not found
[2023-02-24T17:46:58.206] [WARN] default - /favicon.ico not found
[2023-02-24T17:46:58.376] [WARN] default - /favicon.ico not found
[2023-02-24T17:46:58.933] [WARN] default - /favicon.ico not found
[2023-02-24T17:46:59.216] [WARN] default - /favicon.ico not found
[2023-02-24T17:46:59.437] [WARN] default - /favicon.ico not found
[2023-02-24T17:46:59.696] [WARN] default - /favicon.ico not found
[2023-02-24T17:46:59.885] [WARN] default - /favicon.ico not found
[2023-02-24T17:47:00.330] [WARN] default - /favicon.ico not found
[2023-02-24T17:47:01.946] [WARN] default - /favicon.ico not found
[2023-02-24T17:47:02.046] [WARN] default - /favicon.ico not found
[2023-02-24T17:47:04.747] [WARN] default - /favicon.ico not found
[2023-02-24T17:47:04.887] [WARN] default - /favicon.ico not found
[2023-02-24T17:47:57.695] [WARN] default - /favicon.ico not found
[2023-02-24T17:48:10.725] [WARN] default - /favicon.ico not found
[2023-02-24T17:48:12.551] [WARN] default - /favicon.ico not found
[2023-02-24T17:49:21.434] [WARN] default - /favicon.ico not found
[2023-02-24T17:49:23.452] [WARN] default - /favicon.ico not found
[2023-02-24T17:52:49.184] [WARN] default - /products not found
[2023-02-24T17:52:49.285] [WARN] default - /favicon.ico not found
[2023-02-24T17:52:54.299] [WARN] default - /favicon.ico not found
[2023-02-24T17:53:00.980] [WARN] default - /favicon.ico not found
[2023-02-24T17:53:03.508] [WARN] default - /favicon.ico not found
[2023-02-24T17:53:04.685] [WARN] default - /favicon.ico not found
[2023-02-24T17:53:15.067] [WARN] default - /products not found
[2023-02-24T17:53:15.164] [WARN] default - /favicon.ico not found
[2023-02-24T17:53:22.320] [WARN] default - /favicon.ico not found
[2023-02-24T17:53:32.043] [WARN] default - /favicon.ico not found
[2023-02-24T17:54:03.183] [WARN] default - /favicon.ico not found
[2023-02-24T17:54:10.710] [WARN] default - /favicon.ico not found
[2023-02-24T17:54:11.955] [WARN] default - /favicon.ico not found
[2023-02-24T17:54:12.140] [WARN] default - /favicon.ico not found
[2023-02-24T17:54:13.564] [WARN] default - /favicon.ico not found
[2023-02-24T17:54:16.992] [WARN] default - /favicon.ico not found
[2023-02-24T17:54:17.210] [WARN] default - /favicon.ico not found
[2023-02-24T17:54:17.535] [WARN] default - /favicon.ico not found
[2023-02-24T17:54:32.703] [WARN] default - /favicon.ico not found
[2023-02-24T17:54:33.327] [WARN] default - /favicon.ico not found
[2023-02-24T17:54:33.482] [WARN] default - /favicon.ico not found
[2023-02-24T17:54:35.483] [WARN] default - /favicon.ico not found
[2023-02-24T17:54:53.682] [WARN] default - /favicon.ico not found
[2023-02-24T17:55:11.862] [WARN] default - /favicon.ico not found
[2023-02-24T17:55:23.195] [WARN] default - /favicon.ico not found
[2023-02-24T17:56:35.061] [WARN] default - /favicon.ico not found
[2023-02-24T17:56:39.722] [WARN] default - /favicon.ico not found
[2023-02-24T17:56:42.612] [WARN] default - /favicon.ico not found
[2023-02-24T17:56:43.387] [WARN] default - /favicon.ico not found
[2023-02-24T17:56:43.587] [WARN] default - /favicon.ico not found
[2023-02-24T17:56:43.749] [WARN] default - /favicon.ico not found
[2023-02-24T17:56:44.269] [WARN] default - /favicon.ico not found
[2023-02-24T17:56:45.148] [WARN] default - /favicon.ico not found
[2023-02-24T17:56:49.371] [WARN] default - /favicon.ico not found
[2023-02-24T17:56:51.014] [WARN] default - /favicon.ico not found
[2023-02-24T17:56:52.237] [WARN] default - /favicon.ico not found
[2023-02-24T17:56:53.575] [WARN] default - /favicon.ico not found
[2023-02-24T17:56:53.730] [WARN] default - /favicon.ico not found
[2023-02-24T17:56:54.804] [WARN] default - /favicon.ico not found
[2023-02-24T17:56:59.751] [WARN] default - /favicon.ico not found
[2023-02-24T17:57:02.186] [WARN] default - /favicon.ico not found
[2023-02-24T17:57:24.080] [WARN] default - /favicon.ico not found
[2023-02-24T17:57:34.607] [WARN] default - /favicon.ico not found
[2023-02-24T17:57:36.832] [WARN] default - /favicon.ico not found
[2023-02-24T17:57:38.184] [WARN] default - /favicon.ico not found
[2023-02-24T17:57:55.539] [WARN] default - /favicon.ico not found
[2023-02-24T17:57:58.220] [WARN] default - /favicon.ico not found
[2023-02-24T17:58:14.622] [WARN] default - /favicon.ico not found
[2023-02-24T17:58:14.755] [WARN] default - /favicon.ico not found
[2023-02-24T17:58:16.768] [WARN] default - /favicon.ico not found
[2023-02-24T17:58:17.004] [WARN] default - /favicon.ico not found
[2023-02-24T17:58:17.221] [WARN] default - /favicon.ico not found
[2023-02-24T17:58:18.864] [WARN] default - /favicon.ico not found
[2023-02-24T17:58:19.051] [WARN] default - /favicon.ico not found
[2023-02-24T17:58:19.379] [WARN] default - /favicon.ico not found
[2023-02-24T17:58:20.377] [WARN] default - /favicon.ico not found
[2023-02-24T17:58:27.993] [WARN] default - /favicon.ico not found
[2023-02-24T17:58:28.105] [WARN] default - /favicon.ico not found
[2023-02-24T17:58:29.419] [WARN] default - /favicon.ico not found
[2023-02-24T17:58:31.811] [WARN] default - /favicon.ico not found
[2023-02-24T17:58:32.298] [WARN] default - /favicon.ico not found
[2023-02-24T17:58:34.535] [WARN] default - /favicon.ico not found
[2023-02-24T17:58:35.394] [WARN] default - /favicon.ico not found
[2023-02-24T17:58:36.685] [WARN] default - /favicon.ico not found
[2023-02-24T17:58:36.924] [WARN] default - /favicon.ico not found
[2023-02-24T17:58:42.152] [WARN] default - /favicon.ico not found
[2023-02-24T17:58:43.372] [WARN] default - /favicon.ico not found
[2023-02-24T17:58:44.667] [WARN] default - /favicon.ico not found
[2023-02-24T17:58:46.499] [WARN] default - /favicon.ico not found
[2023-02-24T17:58:46.700] [WARN] default - /favicon.ico not found
[2023-02-24T17:58:46.868] [WARN] default - /favicon.ico not found
[2023-02-24T17:58:47.287] [WARN] default - /favicon.ico not found
[2023-02-24T17:58:47.548] [WARN] default - /favicon.ico not found
[2023-02-24T17:58:48.315] [WARN] default - /favicon.ico not found
[2023-02-24T17:58:49.073] [WARN] default - /favicon.ico not found
[2023-02-24T17:58:49.197] [WARN] default - /favicon.ico not found
[2023-02-24T17:58:49.645] [WARN] default - /favicon.ico not found
[2023-02-24T17:58:50.622] [WARN] default - /favicon.ico not found
[2023-02-24T17:58:52.341] [WARN] default - /favicon.ico not found
[2023-02-24T17:58:52.498] [WARN] default - /favicon.ico not found
[2023-02-24T17:58:52.652] [WARN] default - /favicon.ico not found
[2023-02-24T17:58:52.900] [WARN] default - /favicon.ico not found
[2023-02-24T17:58:53.228] [WARN] default - /favicon.ico not found
[2023-02-24T17:58:54.115] [WARN] default - /favicon.ico not found
[2023-02-24T17:58:56.593] [WARN] default - /favicon.ico not found
[2023-02-24T17:59:07.984] [WARN] default - /favicon.ico not found
[2023-02-24T17:59:08.497] [WARN] default - /favicon.ico not found
[2023-02-24T17:59:31.836] [WARN] default - /favicon.ico not found
[2023-02-24T17:59:31.990] [WARN] default - /favicon.ico not found
[2023-02-24T17:59:33.909] [WARN] default - /favicon.ico not found
[2023-02-24T17:59:34.028] [WARN] default - /favicon.ico not found
[2023-02-24T18:01:52.973] [WARN] default - /favicon.ico not found
[2023-02-24T18:01:53.679] [WARN] default - /favicon.ico not found
[2023-02-24T18:01:55.024] [WARN] default - /favicon.ico not found
[2023-02-24T18:01:58.590] [WARN] default - /favicon.ico not found
[2023-02-24T18:01:58.973] [WARN] default - /favicon.ico not found
[2023-02-24T18:02:01.522] [WARN] default - /favicon.ico not found
[2023-02-24T18:02:55.309] [WARN] default - /favicon.ico not found
[2023-02-24T18:02:55.467] [WARN] default - /favicon.ico not found
[2023-02-24T18:02:56.571] [WARN] default - /favicon.ico not found
[2023-02-24T18:02:57.685] [WARN] default - /favicon.ico not found
[2023-02-24T18:02:57.849] [WARN] default - /favicon.ico not found
[2023-02-24T18:02:58.918] [WARN] default - /favicon.ico not found
[2023-02-24T18:03:00.608] [WARN] default - /favicon.ico not found
[2023-02-24T18:03:01.023] [WARN] default - /favicon.ico not found
[2023-02-24T18:03:02.624] [WARN] default - /favicon.ico not found
[2023-02-24T18:03:02.872] [WARN] default - /favicon.ico not found
[2023-02-24T18:03:03.016] [WARN] default - /favicon.ico not found
[2023-02-24T18:03:04.134] [WARN] default - /favicon.ico not found
[2023-02-24T18:03:04.534] [WARN] default - /favicon.ico not found
[2023-02-24T18:03:04.671] [WARN] default - /favicon.ico not found
[2023-02-24T18:03:05.426] [WARN] default - /favicon.ico not found
[2023-02-24T18:03:07.321] [WARN] default - /favicon.ico not found
[2023-02-24T18:03:08.315] [WARN] default - /favicon.ico not found
[2023-02-24T18:03:08.684] [WARN] default - /favicon.ico not found
[2023-02-24T18:03:08.976] [WARN] default - /favicon.ico not found
[2023-02-24T18:03:16.630] [WARN] default - /favicon.ico not found
[2023-02-24T18:03:18.173] [WARN] default - /favicon.ico not found
[2023-02-24T18:03:18.877] [WARN] default - /favicon.ico not found
[2023-02-24T18:03:21.266] [WARN] default - /favicon.ico not found
[2023-02-24T18:03:21.468] [WARN] default - /favicon.ico not found
[2023-02-24T18:03:47.706] [WARN] default - /favicon.ico not found
[2023-02-24T18:03:49.246] [WARN] default - /favicon.ico not found
[2023-02-24T18:03:56.250] [WARN] default - /favicon.ico not found
[2023-02-24T18:03:57.104] [WARN] default - /favicon.ico not found
[2023-02-24T18:03:57.271] [WARN] default - /favicon.ico not found
[2023-02-24T18:03:57.692] [WARN] default - /favicon.ico not found
[2023-02-24T18:03:57.835] [WARN] default - /favicon.ico not found
[2023-02-24T18:03:58.100] [WARN] default - /favicon.ico not found
[2023-02-24T18:03:58.238] [WARN] default - /favicon.ico not found
[2023-02-24T18:03:58.376] [WARN] default - /favicon.ico not found
[2023-02-24T18:03:59.299] [WARN] default - /favicon.ico not found
[2023-02-24T18:03:59.509] [WARN] default - /favicon.ico not found
[2023-02-24T18:04:01.743] [WARN] default - /favicon.ico not found
[2023-02-24T18:04:03.254] [WARN] default - /favicon.ico not found
[2023-02-24T18:04:19.812] [WARN] default - /favicon.ico not found
[2023-02-24T18:04:20.168] [WARN] default - /favicon.ico not found
[2023-02-24T18:04:20.519] [WARN] default - /favicon.ico not found
[2023-02-24T18:04:57.567] [WARN] default - /favicon.ico not found
[2023-02-24T18:04:58.063] [WARN] default - /favicon.ico not found
[2023-02-24T18:04:59.147] [WARN] default - /favicon.ico not found
[2023-02-24T18:05:01.386] [WARN] default - /favicon.ico not found
[2023-02-24T18:05:01.685] [WARN] default - /favicon.ico not found
[2023-02-24T18:05:02.131] [WARN] default - /favicon.ico not found
[2023-02-24T18:05:04.003] [WARN] default - /favicon.ico not found
[2023-02-24T18:05:05.807] [WARN] default - /favicon.ico not found
[2023-02-24T18:05:08.192] [WARN] default - /favicon.ico not found
[2023-02-24T18:05:08.373] [WARN] default - /favicon.ico not found
[2023-02-24T18:05:08.592] [WARN] default - /favicon.ico not found
[2023-02-24T18:05:08.767] [WARN] default - /favicon.ico not found
[2023-02-24T18:05:10.052] [WARN] default - /favicon.ico not found
[2023-02-24T18:05:11.118] [WARN] default - /favicon.ico not found
[2023-02-24T18:05:11.249] [WARN] default - /favicon.ico not found
[2023-02-24T18:05:11.426] [WARN] default - /favicon.ico not found
[2023-02-24T18:05:12.108] [WARN] default - /favicon.ico not found
[2023-02-24T18:05:14.353] [WARN] default - /favicon.ico not found
[2023-02-24T18:05:14.480] [WARN] default - /favicon.ico not found
[2023-02-24T18:05:14.774] [WARN] default - /favicon.ico not found
[2023-02-24T18:05:15.906] [WARN] default - /favicon.ico not found
[2023-02-24T18:05:16.448] [WARN] default - /favicon.ico not found
[2023-02-24T18:05:17.511] [WARN] default - /favicon.ico not found
[2023-02-24T18:05:18.450] [WARN] default - /favicon.ico not found
[2023-02-24T18:05:18.591] [WARN] default - /favicon.ico not found
[2023-02-24T18:05:18.859] [WARN] default - /favicon.ico not found
[2023-02-24T18:05:19.032] [WARN] default - /favicon.ico not found
[2023-02-24T18:05:19.154] [WARN] default - /favicon.ico not found
[2023-02-24T18:05:19.450] [WARN] default - /favicon.ico not found
[2023-02-24T18:05:20.057] [WARN] default - /favicon.ico not found
[2023-02-24T18:05:21.357] [WARN] default - /favicon.ico not found
[2023-02-24T18:05:22.475] [WARN] default - /favicon.ico not found
[2023-02-24T18:05:23.097] [WARN] default - /favicon.ico not found
[2023-02-24T18:05:23.592] [WARN] default - /favicon.ico not found
[2023-02-24T18:05:24.169] [WARN] default - /favicon.ico not found
[2023-02-24T18:05:31.523] [WARN] default - /favicon.ico not found
[2023-02-24T18:05:31.738] [WARN] default - /favicon.ico not found
[2023-02-24T18:05:31.895] [WARN] default - /favicon.ico not found
[2023-02-24T18:05:32.093] [WARN] default - /favicon.ico not found
[2023-02-24T18:05:33.086] [WARN] default - /favicon.ico not found
[2023-02-24T18:05:33.239] [WARN] default - /favicon.ico not found
[2023-02-24T18:05:34.071] [WARN] default - /favicon.ico not found
[2023-02-24T18:05:34.242] [WARN] default - /favicon.ico not found
[2023-02-24T18:05:34.374] [WARN] default - /favicon.ico not found
[2023-02-24T18:05:34.535] [WARN] default - /favicon.ico not found
[2023-02-24T18:05:35.804] [WARN] default - /favicon.ico not found
[2023-02-24T18:05:36.542] [WARN] default - /favicon.ico not found
[2023-02-24T18:05:50.700] [WARN] default - /favicon.ico not found
[2023-02-24T18:05:50.707] [WARN] default - /favicon.ico not found
[2023-02-24T18:06:07.726] [WARN] default - /favicon.ico not found
[2023-02-24T18:06:14.499] [WARN] default - /favicon.ico not found
[2023-02-24T18:06:14.888] [WARN] default - /favicon.ico not found
[2023-02-24T18:06:23.700] [WARN] default - /favicon.ico not found
[2023-02-24T18:06:23.872] [WARN] default - /favicon.ico not found
[2023-02-24T18:06:24.258] [WARN] default - /favicon.ico not found
[2023-02-24T18:06:24.706] [WARN] default - /favicon.ico not found
[2023-02-24T18:06:24.891] [WARN] default - /favicon.ico not found
[2023-02-24T18:06:25.063] [WARN] default - /favicon.ico not found
[2023-02-24T18:06:25.297] [WARN] default - /favicon.ico not found
[2023-02-24T18:06:52.856] [WARN] default - /favicon.ico not found
[2023-02-24T18:07:32.068] [WARN] default - /favicon.ico not found
[2023-02-24T18:07:38.849] [WARN] default - /favicon.ico not found
[2023-02-24T18:07:39.538] [WARN] default - /favicon.ico not found
[2023-02-24T18:07:40.043] [WARN] default - /favicon.ico not found
[2023-02-24T18:07:40.422] [WARN] default - /favicon.ico not found
[2023-02-24T18:07:40.862] [WARN] default - /favicon.ico not found
[2023-02-24T18:07:41.448] [WARN] default - /favicon.ico not found
[2023-02-24T18:07:43.050] [WARN] default - /favicon.ico not found
[2023-02-24T18:07:58.993] [WARN] default - /favicon.ico not found
[2023-02-24T18:08:01.501] [WARN] default - /favicon.ico not found
[2023-02-24T18:08:04.745] [WARN] default - /favicon.ico not found
[2023-02-24T18:08:09.096] [WARN] default - /favicon.ico not found
[2023-02-24T18:08:09.701] [WARN] default - /favicon.ico not found
[2023-02-24T18:08:10.645] [WARN] default - /favicon.ico not found
[2023-02-24T18:08:23.466] [WARN] default - /favicon.ico not found
[2023-02-24T18:08:25.109] [WARN] default - /favicon.ico not found
[2023-02-24T18:08:26.535] [WARN] default - /favicon.ico not found
[2023-02-24T18:08:53.431] [WARN] default - /favicon.ico not found
[2023-02-24T18:08:55.176] [WARN] default - /favicon.ico not found
[2023-02-24T18:08:55.531] [WARN] default - /favicon.ico not found
[2023-02-24T18:08:55.745] [WARN] default - /favicon.ico not found
[2023-02-24T18:08:56.343] [WARN] default - /favicon.ico not found
[2023-02-24T18:09:18.726] [WARN] default - /favicon.ico not found
[2023-02-24T18:09:22.115] [WARN] default - /favicon.ico not found
[2023-02-24T18:09:31.548] [WARN] default - /favicon.ico not found
[2023-02-24T18:09:31.674] [WARN] default - /favicon.ico not found
[2023-02-24T18:09:33.276] [WARN] default - /favicon.ico not found
[2023-02-24T18:09:34.358] [WARN] default - /favicon.ico not found
[2023-02-24T18:09:34.482] [WARN] default - /favicon.ico not found
[2023-02-24T18:09:34.700] [WARN] default - /favicon.ico not found
[2023-02-24T18:09:35.259] [WARN] default - /favicon.ico not found
[2023-02-24T18:09:36.296] [WARN] default - /favicon.ico not found
[2023-02-24T18:10:33.733] [WARN] default - /favicon.ico not found
[2023-02-24T18:10:34.865] [WARN] default - /favicon.ico not found
[2023-02-24T18:10:36.619] [WARN] default - /favicon.ico not found
[2023-02-24T18:10:38.410] [WARN] default - /favicon.ico not found
[2023-02-24T18:10:39.803] [WARN] default - /favicon.ico not found
[2023-02-24T18:10:40.640] [WARN] default - /favicon.ico not found
[2023-02-24T18:10:40.919] [WARN] default - /favicon.ico not found
[2023-02-24T18:10:41.605] [WARN] default - /favicon.ico not found
[2023-02-24T18:10:53.098] [WARN] default - /favicon.ico not found
[2023-02-24T18:10:54.168] [WARN] default - /favicon.ico not found
[2023-02-24T18:10:54.321] [WARN] default - /favicon.ico not found
[2023-02-24T18:10:55.411] [WARN] default - /favicon.ico not found
[2023-02-24T18:10:56.065] [WARN] default - /favicon.ico not found
[2023-02-24T18:10:56.298] [WARN] default - /favicon.ico not found
[2023-02-24T18:10:56.837] [WARN] default - /favicon.ico not found
[2023-02-24T18:10:58.069] [WARN] default - /favicon.ico not found
[2023-02-24T18:10:58.779] [WARN] default - /favicon.ico not found
[2023-02-24T18:10:58.941] [WARN] default - /favicon.ico not found
[2023-02-24T18:11:01.176] [WARN] default - /favicon.ico not found
[2023-02-24T18:11:01.379] [WARN] default - /favicon.ico not found
[2023-02-24T18:11:01.516] [WARN] default - /favicon.ico not found
[2023-02-24T18:11:03.659] [WARN] default - /favicon.ico not found
[2023-02-24T18:11:07.206] [WARN] default - /favicon.ico not found
[2023-02-24T18:11:07.956] [WARN] default - /favicon.ico not found
[2023-02-24T18:11:08.077] [WARN] default - /favicon.ico not found
[2023-02-24T18:11:09.488] [WARN] default - /favicon.ico not found
[2023-02-24T18:15:02.006] [WARN] default - /favicon.ico not found
[2023-02-24T18:15:10.491] [WARN] default - /favicon.ico not found
[2023-02-24T18:15:14.698] [WARN] default - /favicon.ico not found
[2023-02-24T18:15:14.735] [WARN] default - /favicon.ico not found
[2023-02-24T18:15:17.914] [WARN] default - /favicon.ico not found
[2023-02-24T18:15:19.999] [WARN] default - /favicon.ico not found
[2023-02-24T18:15:27.043] [WARN] default - /favicon.ico not found
[2023-02-24T18:15:29.493] [WARN] default - /favicon.ico not found
[2023-02-24T18:15:31.279] [WARN] default - /favicon.ico not found
[2023-02-24T18:15:31.464] [WARN] default - /favicon.ico not found
[2023-02-24T18:16:13.381] [WARN] default - /favicon.ico not found
[2023-02-24T18:16:14.359] [WARN] default - /favicon.ico not found
[2023-02-24T18:16:16.181] [WARN] default - /favicon.ico not found
[2023-02-24T18:16:16.913] [WARN] default - /favicon.ico not found
[2023-02-24T18:16:17.579] [WARN] default - /favicon.ico not found
[2023-02-24T18:16:18.216] [WARN] default - /favicon.ico not found
[2023-02-24T18:16:18.375] [WARN] default - /favicon.ico not found
[2023-02-24T18:16:19.228] [WARN] default - /favicon.ico not found
[2023-02-24T18:16:19.709] [WARN] default - /favicon.ico not found
[2023-02-24T18:16:21.369] [WARN] default - /favicon.ico not found
[2023-02-24T18:16:21.710] [WARN] default - /favicon.ico not found
[2023-02-24T18:16:23.224] [WARN] default - /favicon.ico not found
[2023-02-24T18:16:23.468] [WARN] default - /favicon.ico not found
[2023-02-24T18:16:24.818] [WARN] default - /favicon.ico not found
[2023-02-24T18:16:25.520] [WARN] default - /favicon.ico not found
[2023-02-24T18:16:25.640] [WARN] default - /favicon.ico not found
[2023-02-24T18:16:26.413] [WARN] default - /favicon.ico not found
[2023-02-24T18:16:26.814] [WARN] default - /favicon.ico not found
[2023-02-24T18:16:29.094] [WARN] default - /favicon.ico not found
[2023-02-24T18:16:31.797] [WARN] default - /favicon.ico not found
[2023-02-24T18:16:32.390] [WARN] default - /favicon.ico not found
[2023-02-24T18:16:36.071] [WARN] default - /favicon.ico not found
[2023-02-24T18:16:36.729] [WARN] default - /favicon.ico not found
[2023-02-24T18:16:36.927] [WARN] default - /favicon.ico not found
[2023-02-24T18:16:37.185] [WARN] default - /favicon.ico not found
[2023-02-24T18:17:22.028] [WARN] default - /favicon.ico not found
[2023-02-24T18:17:23.841] [WARN] default - /favicon.ico not found
[2023-02-24T18:17:24.149] [WARN] default - /favicon.ico not found
[2023-02-24T18:17:24.885] [WARN] default - /favicon.ico not found
[2023-02-24T18:17:28.171] [WARN] default - /favicon.ico not found
[2023-02-24T18:17:30.674] [WARN] default - /favicon.ico not found
[2023-02-24T18:17:34.996] [WARN] default - /favicon.ico not found
[2023-02-24T18:17:37.508] [WARN] default - /favicon.ico not found
[2023-02-24T18:17:39.529] [WARN] default - /favicon.ico not found
[2023-02-24T18:17:42.066] [WARN] default - /favicon.ico not found
[2023-02-24T18:17:44.608] [WARN] default - /favicon.ico not found
[2023-02-24T18:17:48.413] [WARN] default - /favicon.ico not found
[2023-02-24T18:17:51.409] [WARN] default - /favicon.ico not found
[2023-02-24T18:17:53.307] [WARN] default - /favicon.ico not found
[2023-02-24T18:17:55.411] [WARN] default - /favicon.ico not found
[2023-02-24T18:17:59.344] [WARN] default - /favicon.ico not found
[2023-02-24T18:28:56.324] [WARN] default - /favicon.ico not found
[2023-02-24T18:28:58.495] [WARN] default - /favicon.ico not found
[2023-02-24T18:28:58.722] [WARN] default - /favicon.ico not found
[2023-02-24T18:29:01.944] [WARN] default - /favicon.ico not found
[2023-02-24T18:29:02.193] [WARN] default - /favicon.ico not found
[2023-02-24T18:29:02.549] [WARN] default - /favicon.ico not found
[2023-02-24T18:29:04.277] [WARN] default - /favicon.ico not found
[2023-02-24T18:29:04.447] [WARN] default - /favicon.ico not found
[2023-02-24T18:29:05.629] [WARN] default - /favicon.ico not found
[2023-02-24T18:29:07.709] [WARN] default - /favicon.ico not found
[2023-02-24T18:29:08.095] [WARN] default - /favicon.ico not found
[2023-02-24T18:29:10.526] [WARN] default - /favicon.ico not found
[2023-02-24T18:29:10.829] [WARN] default - /favicon.ico not found
[2023-02-24T18:29:10.985] [WARN] default - /favicon.ico not found
[2023-02-24T18:29:12.119] [WARN] default - /favicon.ico not found
[2023-02-24T18:29:12.429] [WARN] default - /favicon.ico not found
[2023-02-24T18:29:12.585] [WARN] default - /favicon.ico not found
[2023-02-24T18:29:13.918] [WARN] default - /favicon.ico not found
[2023-02-24T18:29:51.565] [WARN] default - /favicon.ico not found
[2023-02-24T18:29:51.716] [WARN] default - /favicon.ico not found
[2023-02-24T18:29:51.995] [WARN] default - /favicon.ico not found
[2023-02-24T18:29:52.463] [WARN] default - /favicon.ico not found
[2023-02-24T18:29:52.630] [WARN] default - /favicon.ico not found
[2023-02-24T18:29:52.819] [WARN] default - /favicon.ico not found
[2023-02-24T18:29:54.087] [WARN] default - /favicon.ico not found
[2023-02-24T18:29:54.265] [WARN] default - /favicon.ico not found
[2023-02-24T18:29:54.619] [WARN] default - /favicon.ico not found
[2023-02-24T18:29:55.349] [WARN] default - /favicon.ico not found
[2023-02-24T18:29:55.611] [WARN] default - /favicon.ico not found
[2023-02-24T18:29:55.767] [WARN] default - /favicon.ico not found
[2023-02-24T18:29:56.034] [WARN] default - /favicon.ico not found
[2023-02-24T18:29:58.557] [WARN] default - /favicon.ico not found
[2023-02-24T18:30:04.747] [WARN] default - /favicon.ico not found
[2023-02-24T18:30:04.914] [WARN] default - /favicon.ico not found
[2023-02-24T18:30:06.297] [WARN] default - /favicon.ico not found
[2023-02-24T18:30:06.473] [WARN] default - /favicon.ico not found
[2023-02-24T18:30:06.721] [WARN] default - /favicon.ico not found
[2023-02-24T18:30:07.095] [WARN] default - /favicon.ico not found
[2023-02-24T18:30:07.473] [WARN] default - /favicon.ico not found
[2023-02-24T18:30:07.983] [WARN] default - /favicon.ico not found
[2023-02-24T18:30:08.236] [WARN] default - /favicon.ico not found
[2023-02-24T18:30:08.412] [WARN] default - /favicon.ico not found
[2023-02-24T18:30:08.639] [WARN] default - /favicon.ico not found
[2023-02-24T18:30:08.856] [WARN] default - /favicon.ico not found
[2023-02-24T18:30:09.011] [WARN] default - /favicon.ico not found
[2023-02-24T18:30:12.744] [WARN] default - /favicon.ico not found
[2023-02-24T18:30:12.915] [WARN] default - /favicon.ico not found
[2023-02-24T18:30:13.211] [WARN] default - /favicon.ico not found
[2023-02-24T18:30:14.403] [WARN] default - /favicon.ico not found
[2023-02-24T18:30:14.592] [WARN] default - /favicon.ico not found
[2023-02-24T18:30:14.862] [WARN] default - /favicon.ico not found
[2023-02-24T18:30:16.783] [WARN] default - /favicon.ico not found
[2023-02-24T18:30:16.947] [WARN] default - /favicon.ico not found
[2023-02-24T18:30:17.113] [WARN] default - /favicon.ico not found
[2023-02-24T18:30:17.581] [WARN] default - /favicon.ico not found
[2023-02-24T18:30:17.811] [WARN] default - /favicon.ico not found
[2023-02-24T18:30:18.002] [WARN] default - /favicon.ico not found
[2023-02-24T18:30:18.183] [WARN] default - /favicon.ico not found
[2023-02-24T18:30:26.649] [WARN] default - /favicon.ico not found
[2023-02-24T18:30:27.987] [WARN] default - /favicon.ico not found
[2023-02-24T18:30:28.231] [WARN] default - /favicon.ico not found
[2023-02-24T18:30:28.663] [WARN] default - /favicon.ico not found
[2023-02-24T18:30:29.073] [WARN] default - /favicon.ico not found
[2023-02-24T18:30:29.232] [WARN] default - /favicon.ico not found
[2023-02-24T18:30:30.270] [WARN] default - /favicon.ico not found
[2023-02-24T18:30:31.102] [WARN] default - /favicon.ico not found
[2023-02-24T18:30:31.289] [WARN] default - /favicon.ico not found
[2023-02-24T18:30:33.103] [WARN] default - /favicon.ico not found
[2023-02-24T18:30:33.656] [WARN] default - /favicon.ico not found
[2023-02-24T18:30:34.205] [WARN] default - /favicon.ico not found
[2023-02-24T18:30:36.404] [WARN] default - /favicon.ico not found
[2023-02-24T18:30:36.856] [WARN] default - /favicon.ico not found
[2023-02-24T18:30:36.978] [WARN] default - /favicon.ico not found
[2023-02-24T18:30:38.379] [WARN] default - /favicon.ico not found
[2023-02-24T18:30:44.321] [WARN] default - /favicon.ico not found
[2023-02-24T18:30:46.792] [WARN] default - /favicon.ico not found
[2023-02-24T18:30:46.979] [WARN] default - /favicon.ico not found
[2023-02-24T18:30:47.922] [WARN] default - /favicon.ico not found
[2023-02-24T18:30:48.111] [WARN] default - /favicon.ico not found
[2023-02-24T18:30:48.271] [WARN] default - /favicon.ico not found
[2023-02-24T18:30:48.385] [WARN] default - /favicon.ico not found
[2023-02-24T18:30:48.623] [WARN] default - /favicon.ico not found
[2023-02-24T18:30:49.449] [WARN] default - /favicon.ico not found
[2023-02-24T18:30:49.602] [WARN] default - /favicon.ico not found
[2023-02-24T18:30:50.424] [WARN] default - /favicon.ico not found
[2023-02-24T18:30:51.165] [WARN] default - /favicon.ico not found
[2023-02-24T18:32:25.173] [WARN] default - /favicon.ico not found
[2023-02-24T18:32:25.925] [WARN] default - /favicon.ico not found
[2023-02-24T18:32:27.199] [WARN] default - /favicon.ico not found
[2023-02-24T18:32:27.930] [WARN] default - /favicon.ico not found
[2023-02-24T18:32:28.179] [WARN] default - /favicon.ico not found
[2023-02-24T18:32:29.365] [WARN] default - /favicon.ico not found
[2023-02-24T18:32:29.689] [WARN] default - /favicon.ico not found
[2023-02-24T18:32:30.179] [WARN] default - /favicon.ico not found
[2023-02-24T18:32:30.550] [WARN] default - /favicon.ico not found
[2023-02-24T18:32:30.978] [WARN] default - /favicon.ico not found
[2023-02-24T18:32:32.621] [WARN] default - /favicon.ico not found
[2023-02-24T18:32:32.978] [WARN] default - /favicon.ico not found
[2023-02-24T18:32:33.388] [WARN] default - /favicon.ico not found
[2023-02-24T18:32:33.835] [WARN] default - /favicon.ico not found
[2023-02-24T18:32:34.303] [WARN] default - /favicon.ico not found
[2023-02-24T18:32:35.443] [WARN] default - /favicon.ico not found
[2023-02-24T18:32:36.116] [WARN] default - /favicon.ico not found
[2023-02-24T18:32:36.221] [WARN] default - /favicon.ico not found
[2023-02-24T18:32:36.701] [WARN] default - /favicon.ico not found
[2023-02-24T18:32:38.708] [WARN] default - /favicon.ico not found
[2023-02-24T18:32:39.715] [WARN] default - /favicon.ico not found
[2023-02-24T18:32:40.475] [WARN] default - /favicon.ico not found
[2023-02-24T18:32:40.775] [WARN] default - /favicon.ico not found
[2023-02-24T18:32:41.179] [WARN] default - /favicon.ico not found
[2023-02-24T18:32:41.303] [WARN] default - /favicon.ico not found
[2023-02-24T18:32:41.652] [WARN] default - /favicon.ico not found
[2023-02-24T18:32:41.800] [WARN] default - /favicon.ico not found
[2023-02-24T18:32:42.328] [WARN] default - /favicon.ico not found
[2023-02-24T18:32:42.517] [WARN] default - /favicon.ico not found
[2023-02-24T18:32:43.688] [WARN] default - /favicon.ico not found
[2023-02-24T18:32:43.988] [WARN] default - /favicon.ico not found
[2023-02-24T18:32:45.756] [WARN] default - /favicon.ico not found
[2023-02-24T18:32:47.107] [WARN] default - /favicon.ico not found
[2023-02-24T18:32:49.434] [WARN] default - /favicon.ico not found
[2023-02-24T18:32:49.916] [WARN] default - /favicon.ico not found
[2023-02-24T18:32:50.232] [WARN] default - /favicon.ico not found
[2023-02-24T18:32:51.507] [WARN] default - /favicon.ico not found
[2023-02-24T18:32:51.890] [WARN] default - /favicon.ico not found
[2023-02-24T18:32:52.173] [WARN] default - /favicon.ico not found
[2023-02-24T18:32:52.291] [WARN] default - /favicon.ico not found
[2023-02-24T18:32:52.568] [WARN] default - /favicon.ico not found
[2023-02-24T18:32:52.790] [WARN] default - /favicon.ico not found
[2023-02-24T18:32:54.059] [WARN] default - /favicon.ico not found
[2023-02-24T18:32:55.433] [WARN] default - /favicon.ico not found
[2023-02-24T18:32:55.871] [WARN] default - /favicon.ico not found
[2023-02-24T18:32:57.498] [WARN] default - /favicon.ico not found
[2023-02-24T18:32:58.283] [WARN] default - /favicon.ico not found
[2023-02-24T18:32:58.419] [WARN] default - /favicon.ico not found
[2023-02-24T18:32:59.560] [WARN] default - /favicon.ico not found
[2023-02-24T18:32:59.778] [WARN] default - /favicon.ico not found
[2023-02-24T18:32:59.950] [WARN] default - /favicon.ico not found
[2023-02-24T18:33:01.019] [WARN] default - /favicon.ico not found
[2023-02-24T18:33:09.124] [WARN] default - /favicon.ico not found
